<?xml version="1.0" encoding="UTF-8"?>
<testng-results skipped="0" failed="0" total="1" passed="1">
  <reporter-output>
  </reporter-output>
  <suite name="Default suite" duration-ms="638" started-at="2018-01-31T03:34:05Z" finished-at="2018-01-31T03:34:06Z">
    <groups>
    </groups>
    <test name="Default test" duration-ms="638" started-at="2018-01-31T03:34:05Z" finished-at="2018-01-31T03:34:06Z">
      <class name="cases.queryAd">
        <test-method status="PASS" signature="beforeTestRun(java.lang.String)[pri:0, instance:cases.queryAd@3d0f8e03]" name="beforeTestRun" is-config="true" duration-ms="12" started-at="2018-01-31T11:34:05Z" finished-at="2018-01-31T11:34:05Z">
          <params>
            <param index="0">
              <value>
                <![CDATA[test]]>
              </value>
            </param>
          </params>
          <reporter-output>
          </reporter-output>
        </test-method> <!-- beforeTestRun -->
        <test-method status="PASS" signature="springTestContextBeforeTestClass()[pri:0, instance:cases.queryAd@3d0f8e03]" name="springTestContextBeforeTestClass" is-config="true" duration-ms="0" started-at="2018-01-31T11:34:05Z" finished-at="2018-01-31T11:34:05Z">
          <reporter-output>
          </reporter-output>
        </test-method> <!-- springTestContextBeforeTestClass -->
        <test-method status="PASS" signature="springTestContextPrepareTestInstance()[pri:0, instance:cases.queryAd@3d0f8e03]" name="springTestContextPrepareTestInstance" is-config="true" duration-ms="127" started-at="2018-01-31T11:34:05Z" depends-on-methods="org.springframework.test.context.testng.AbstractTestNGSpringContextTests.springTestContextBeforeTestClass" finished-at="2018-01-31T11:34:05Z">
          <reporter-output>
          </reporter-output>
        </test-method> <!-- springTestContextPrepareTestInstance -->
        <test-method status="PASS" signature="springTestContextBeforeTestMethod(java.lang.reflect.Method)[pri:0, instance:cases.queryAd@3d0f8e03]" name="springTestContextBeforeTestMethod" is-config="true" duration-ms="0" started-at="2018-01-31T11:34:05Z" finished-at="2018-01-31T11:34:05Z">
          <params>
            <param index="0">
              <value>
                <![CDATA[public void cases.queryAd.queryAd(java.lang.String,java.lang.String,java.util.Map) throws com.github.kevinsawicki.http.HttpRequest$HttpRequestException,java.lang.Exception]]>
              </value>
            </param>
          </params>
          <reporter-output>
          </reporter-output>
        </test-method> <!-- springTestContextBeforeTestMethod -->
        <test-method status="PASS" signature="queryAd(java.lang.String, java.lang.String, java.util.Map)[pri:0, instance:cases.queryAd@3d0f8e03]" name="queryAd" duration-ms="474" started-at="2018-01-31T11:34:05Z" data-provider="dataProvider" finished-at="2018-01-31T11:34:06Z">
          <params>
            <param index="0">
              <value>
                <![CDATA[/service/ad/queryAd?appVer=2.4.0&data=%7B%22type%22%3A%2214%22%7D&type=2]]>
              </value>
            </param>
            <param index="1">
              <value>
                <![CDATA[��ѯ�����Ϣ-case1]]>
              </value>
            </param>
            <param index="2">
              <value>
                <![CDATA[{}]]>
              </value>
            </param>
          </params>
          <reporter-output>
          </reporter-output>
        </test-method> <!-- queryAd -->
        <test-method status="PASS" signature="springTestContextAfterTestMethod(java.lang.reflect.Method)[pri:0, instance:cases.queryAd@3d0f8e03]" name="springTestContextAfterTestMethod" is-config="true" duration-ms="1" started-at="2018-01-31T11:34:06Z" finished-at="2018-01-31T11:34:06Z">
          <params>
            <param index="0">
              <value>
                <![CDATA[public void cases.queryAd.queryAd(java.lang.String,java.lang.String,java.util.Map) throws com.github.kevinsawicki.http.HttpRequest$HttpRequestException,java.lang.Exception]]>
              </value>
            </param>
          </params>
          <reporter-output>
          </reporter-output>
        </test-method> <!-- springTestContextAfterTestMethod -->
        <test-method status="PASS" signature="springTestContextAfterTestClass()[pri:0, instance:cases.queryAd@3d0f8e03]" name="springTestContextAfterTestClass" is-config="true" duration-ms="0" started-at="2018-01-31T11:34:06Z" finished-at="2018-01-31T11:34:06Z">
          <reporter-output>
          </reporter-output>
        </test-method> <!-- springTestContextAfterTestClass -->
      </class> <!-- cases.queryAd -->
    </test> <!-- Default test -->
  </suite> <!-- Default suite -->
</testng-results>
